Performing C SOURCE FILE Test HAVE_GCC_PREFERRED_STACK_BOUNDARY failed with the following output:
Change Dir: /home/giovany/Development/GioEngine/build/CMakeFiles/CMakeTmp

Run Build Command(s):/usr/bin/gmake -f Makefile cmTC_6deba/fast && /usr/bin/gmake  -f CMakeFiles/cmTC_6deba.dir/build.make CMakeFiles/cmTC_6deba.dir/build
gmake[1]: Entering directory '/home/giovany/Development/GioEngine/build/CMakeFiles/CMakeTmp'
Building C object CMakeFiles/cmTC_6deba.dir/src.c.o
/usr/bin/cc -DHAVE_GCC_PREFERRED_STACK_BOUNDARY  -idirafter "/home/giovany/Development/GioEngine/libs/SDL/src/video/khronos" -mpreferred-stack-boundary=2 -o CMakeFiles/cmTC_6deba.dir/src.c.o -c /home/giovany/Development/GioEngine/build/CMakeFiles/CMakeTmp/src.c
cc1: error: ‘-mpreferred-stack-boundary=2’ is not between 3 and 12
gmake[1]: *** [CMakeFiles/cmTC_6deba.dir/build.make:78: CMakeFiles/cmTC_6deba.dir/src.c.o] Error 1
gmake[1]: Leaving directory '/home/giovany/Development/GioEngine/build/CMakeFiles/CMakeTmp'
gmake: *** [Makefile:127: cmTC_6deba/fast] Error 2


Source file was:
int x = 0; int main(int argc, char **argv) { return 0; }
Performing C SOURCE FILE Test HAVE_ALTIVEC_H_HDR failed with the following output:
Change Dir: /home/giovany/Development/GioEngine/build/CMakeFiles/CMakeTmp

Run Build Command(s):/usr/bin/gmake -f Makefile cmTC_7ff24/fast && /usr/bin/gmake  -f CMakeFiles/cmTC_7ff24.dir/build.make CMakeFiles/cmTC_7ff24.dir/build
gmake[1]: Entering directory '/home/giovany/Development/GioEngine/build/CMakeFiles/CMakeTmp'
Building C object CMakeFiles/cmTC_7ff24.dir/src.c.o
/usr/bin/cc -DHAVE_ALTIVEC_H_HDR  -idirafter "/home/giovany/Development/GioEngine/libs/SDL/src/video/khronos" -maltivec -o CMakeFiles/cmTC_7ff24.dir/src.c.o -c /home/giovany/Development/GioEngine/build/CMakeFiles/CMakeTmp/src.c
cc: error: unrecognized command-line option ‘-maltivec’
gmake[1]: *** [CMakeFiles/cmTC_7ff24.dir/build.make:78: CMakeFiles/cmTC_7ff24.dir/src.c.o] Error 1
gmake[1]: Leaving directory '/home/giovany/Development/GioEngine/build/CMakeFiles/CMakeTmp'
gmake: *** [Makefile:127: cmTC_7ff24/fast] Error 2


Source file was:

          #include <altivec.h>
          vector unsigned int vzero() {
              return vec_splat_u32(0);
          }
          int main(int argc, char **argv) { return 0; }
Performing C SOURCE FILE Test HAVE_ALTIVEC failed with the following output:
Change Dir: /home/giovany/Development/GioEngine/build/CMakeFiles/CMakeTmp

Run Build Command(s):/usr/bin/gmake -f Makefile cmTC_5831a/fast && /usr/bin/gmake  -f CMakeFiles/cmTC_5831a.dir/build.make CMakeFiles/cmTC_5831a.dir/build
gmake[1]: Entering directory '/home/giovany/Development/GioEngine/build/CMakeFiles/CMakeTmp'
Building C object CMakeFiles/cmTC_5831a.dir/src.c.o
/usr/bin/cc -DHAVE_ALTIVEC  -idirafter "/home/giovany/Development/GioEngine/libs/SDL/src/video/khronos" -maltivec -o CMakeFiles/cmTC_5831a.dir/src.c.o -c /home/giovany/Development/GioEngine/build/CMakeFiles/CMakeTmp/src.c
cc: error: unrecognized command-line option ‘-maltivec’
gmake[1]: *** [CMakeFiles/cmTC_5831a.dir/build.make:78: CMakeFiles/cmTC_5831a.dir/src.c.o] Error 1
gmake[1]: Leaving directory '/home/giovany/Development/GioEngine/build/CMakeFiles/CMakeTmp'
gmake: *** [Makefile:127: cmTC_5831a/fast] Error 2


Source file was:

          vector unsigned int vzero() {
              return vec_splat_u32(0);
          }
          int main(int argc, char **argv) { return 0; }
Determining if the include file libunwind.h exists failed with the following output:
Change Dir: /home/giovany/Development/GioEngine/build/CMakeFiles/CMakeTmp

Run Build Command(s):/usr/bin/gmake -f Makefile cmTC_a560e/fast && /usr/bin/gmake  -f CMakeFiles/cmTC_a560e.dir/build.make CMakeFiles/cmTC_a560e.dir/build
gmake[1]: Entering directory '/home/giovany/Development/GioEngine/build/CMakeFiles/CMakeTmp'
Building C object CMakeFiles/cmTC_a560e.dir/CheckIncludeFile.c.o
/usr/bin/cc   -idirafter "/home/giovany/Development/GioEngine/libs/SDL/src/video/khronos"  -o CMakeFiles/cmTC_a560e.dir/CheckIncludeFile.c.o -c /home/giovany/Development/GioEngine/build/CMakeFiles/CMakeTmp/CheckIncludeFile.c
/home/giovany/Development/GioEngine/build/CMakeFiles/CMakeTmp/CheckIncludeFile.c:1:10: fatal error: libunwind.h: No such file or directory
    1 | #include <libunwind.h>
      |          ^~~~~~~~~~~~~
compilation terminated.
gmake[1]: *** [CMakeFiles/cmTC_a560e.dir/build.make:78: CMakeFiles/cmTC_a560e.dir/CheckIncludeFile.c.o] Error 1
gmake[1]: Leaving directory '/home/giovany/Development/GioEngine/build/CMakeFiles/CMakeTmp'
gmake: *** [Makefile:127: cmTC_a560e/fast] Error 2



Determining if the strlcpy exist failed with the following output:
Change Dir: /home/giovany/Development/GioEngine/build/CMakeFiles/CMakeTmp

Run Build Command(s):/usr/bin/gmake -f Makefile cmTC_307dd/fast && /usr/bin/gmake  -f CMakeFiles/cmTC_307dd.dir/build.make CMakeFiles/cmTC_307dd.dir/build
gmake[1]: Entering directory '/home/giovany/Development/GioEngine/build/CMakeFiles/CMakeTmp'
Building C object CMakeFiles/cmTC_307dd.dir/CheckSymbolExists.c.o
/usr/bin/cc   -idirafter "/home/giovany/Development/GioEngine/libs/SDL/src/video/khronos"  -o CMakeFiles/cmTC_307dd.dir/CheckSymbolExists.c.o -c /home/giovany/Development/GioEngine/build/CMakeFiles/CMakeTmp/CheckSymbolExists.c
/home/giovany/Development/GioEngine/build/CMakeFiles/CMakeTmp/CheckSymbolExists.c: In function ‘main’:
/home/giovany/Development/GioEngine/build/CMakeFiles/CMakeTmp/CheckSymbolExists.c:14:19: error: ‘strlcpy’ undeclared (first use in this function); did you mean ‘strncpy’?
   14 |   return ((int*)(&strlcpy))[argc];
      |                   ^~~~~~~
      |                   strncpy
/home/giovany/Development/GioEngine/build/CMakeFiles/CMakeTmp/CheckSymbolExists.c:14:19: note: each undeclared identifier is reported only once for each function it appears in
gmake[1]: *** [CMakeFiles/cmTC_307dd.dir/build.make:78: CMakeFiles/cmTC_307dd.dir/CheckSymbolExists.c.o] Error 1
gmake[1]: Leaving directory '/home/giovany/Development/GioEngine/build/CMakeFiles/CMakeTmp'
gmake: *** [Makefile:127: cmTC_307dd/fast] Error 2


File /home/giovany/Development/GioEngine/build/CMakeFiles/CMakeTmp/CheckSymbolExists.c:
/* */
#include <stddef.h>
#include <stdarg.h>
#include <stdlib.h>
#include <string.h>
#include <stdio.h>
#include <wchar.h>
#include <float.h>

int main(int argc, char** argv)
{
  (void)argv;
#ifndef strlcpy
  return ((int*)(&strlcpy))[argc];
#else
  (void)argc;
  return 0;
#endif
}
Determining if the strlcat exist failed with the following output:
Change Dir: /home/giovany/Development/GioEngine/build/CMakeFiles/CMakeTmp

Run Build Command(s):/usr/bin/gmake -f Makefile cmTC_46bf9/fast && /usr/bin/gmake  -f CMakeFiles/cmTC_46bf9.dir/build.make CMakeFiles/cmTC_46bf9.dir/build
gmake[1]: Entering directory '/home/giovany/Development/GioEngine/build/CMakeFiles/CMakeTmp'
Building C object CMakeFiles/cmTC_46bf9.dir/CheckSymbolExists.c.o
/usr/bin/cc   -idirafter "/home/giovany/Development/GioEngine/libs/SDL/src/video/khronos"  -o CMakeFiles/cmTC_46bf9.dir/CheckSymbolExists.c.o -c /home/giovany/Development/GioEngine/build/CMakeFiles/CMakeTmp/CheckSymbolExists.c
/home/giovany/Development/GioEngine/build/CMakeFiles/CMakeTmp/CheckSymbolExists.c: In function ‘main’:
/home/giovany/Development/GioEngine/build/CMakeFiles/CMakeTmp/CheckSymbolExists.c:14:19: error: ‘strlcat’ undeclared (first use in this function); did you mean ‘strncat’?
   14 |   return ((int*)(&strlcat))[argc];
      |                   ^~~~~~~
      |                   strncat
/home/giovany/Development/GioEngine/build/CMakeFiles/CMakeTmp/CheckSymbolExists.c:14:19: note: each undeclared identifier is reported only once for each function it appears in
gmake[1]: *** [CMakeFiles/cmTC_46bf9.dir/build.make:78: CMakeFiles/cmTC_46bf9.dir/CheckSymbolExists.c.o] Error 1
gmake[1]: Leaving directory '/home/giovany/Development/GioEngine/build/CMakeFiles/CMakeTmp'
gmake: *** [Makefile:127: cmTC_46bf9/fast] Error 2


File /home/giovany/Development/GioEngine/build/CMakeFiles/CMakeTmp/CheckSymbolExists.c:
/* */
#include <stddef.h>
#include <stdarg.h>
#include <stdlib.h>
#include <string.h>
#include <stdio.h>
#include <wchar.h>
#include <float.h>

int main(int argc, char** argv)
{
  (void)argv;
#ifndef strlcat
  return ((int*)(&strlcat))[argc];
#else
  (void)argc;
  return 0;
#endif
}
Determining if the _strrev exist failed with the following output:
Change Dir: /home/giovany/Development/GioEngine/build/CMakeFiles/CMakeTmp

Run Build Command(s):/usr/bin/gmake -f Makefile cmTC_2aad1/fast && /usr/bin/gmake  -f CMakeFiles/cmTC_2aad1.dir/build.make CMakeFiles/cmTC_2aad1.dir/build
gmake[1]: Entering directory '/home/giovany/Development/GioEngine/build/CMakeFiles/CMakeTmp'
Building C object CMakeFiles/cmTC_2aad1.dir/CheckSymbolExists.c.o
/usr/bin/cc   -idirafter "/home/giovany/Development/GioEngine/libs/SDL/src/video/khronos"  -o CMakeFiles/cmTC_2aad1.dir/CheckSymbolExists.c.o -c /home/giovany/Development/GioEngine/build/CMakeFiles/CMakeTmp/CheckSymbolExists.c
/home/giovany/Development/GioEngine/build/CMakeFiles/CMakeTmp/CheckSymbolExists.c: In function ‘main’:
/home/giovany/Development/GioEngine/build/CMakeFiles/CMakeTmp/CheckSymbolExists.c:14:19: error: ‘_strrev’ undeclared (first use in this function)
   14 |   return ((int*)(&_strrev))[argc];
      |                   ^~~~~~~
/home/giovany/Development/GioEngine/build/CMakeFiles/CMakeTmp/CheckSymbolExists.c:14:19: note: each undeclared identifier is reported only once for each function it appears in
gmake[1]: *** [CMakeFiles/cmTC_2aad1.dir/build.make:78: CMakeFiles/cmTC_2aad1.dir/CheckSymbolExists.c.o] Error 1
gmake[1]: Leaving directory '/home/giovany/Development/GioEngine/build/CMakeFiles/CMakeTmp'
gmake: *** [Makefile:127: cmTC_2aad1/fast] Error 2


File /home/giovany/Development/GioEngine/build/CMakeFiles/CMakeTmp/CheckSymbolExists.c:
/* */
#include <stddef.h>
#include <stdarg.h>
#include <stdlib.h>
#include <string.h>
#include <stdio.h>
#include <wchar.h>
#include <float.h>

int main(int argc, char** argv)
{
  (void)argv;
#ifndef _strrev
  return ((int*)(&_strrev))[argc];
#else
  (void)argc;
  return 0;
#endif
}
Determining if the _strupr exist failed with the following output:
Change Dir: /home/giovany/Development/GioEngine/build/CMakeFiles/CMakeTmp

Run Build Command(s):/usr/bin/gmake -f Makefile cmTC_06845/fast && /usr/bin/gmake  -f CMakeFiles/cmTC_06845.dir/build.make CMakeFiles/cmTC_06845.dir/build
gmake[1]: Entering directory '/home/giovany/Development/GioEngine/build/CMakeFiles/CMakeTmp'
Building C object CMakeFiles/cmTC_06845.dir/CheckSymbolExists.c.o
/usr/bin/cc   -idirafter "/home/giovany/Development/GioEngine/libs/SDL/src/video/khronos"  -o CMakeFiles/cmTC_06845.dir/CheckSymbolExists.c.o -c /home/giovany/Development/GioEngine/build/CMakeFiles/CMakeTmp/CheckSymbolExists.c
/home/giovany/Development/GioEngine/build/CMakeFiles/CMakeTmp/CheckSymbolExists.c: In function ‘main’:
/home/giovany/Development/GioEngine/build/CMakeFiles/CMakeTmp/CheckSymbolExists.c:14:19: error: ‘_strupr’ undeclared (first use in this function)
   14 |   return ((int*)(&_strupr))[argc];
      |                   ^~~~~~~
/home/giovany/Development/GioEngine/build/CMakeFiles/CMakeTmp/CheckSymbolExists.c:14:19: note: each undeclared identifier is reported only once for each function it appears in
gmake[1]: *** [CMakeFiles/cmTC_06845.dir/build.make:78: CMakeFiles/cmTC_06845.dir/CheckSymbolExists.c.o] Error 1
gmake[1]: Leaving directory '/home/giovany/Development/GioEngine/build/CMakeFiles/CMakeTmp'
gmake: *** [Makefile:127: cmTC_06845/fast] Error 2


File /home/giovany/Development/GioEngine/build/CMakeFiles/CMakeTmp/CheckSymbolExists.c:
/* */
#include <stddef.h>
#include <stdarg.h>
#include <stdlib.h>
#include <string.h>
#include <stdio.h>
#include <wchar.h>
#include <float.h>

int main(int argc, char** argv)
{
  (void)argv;
#ifndef _strupr
  return ((int*)(&_strupr))[argc];
#else
  (void)argc;
  return 0;
#endif
}
Determining if the _strlwr exist failed with the following output:
Change Dir: /home/giovany/Development/GioEngine/build/CMakeFiles/CMakeTmp

Run Build Command(s):/usr/bin/gmake -f Makefile cmTC_41af6/fast && /usr/bin/gmake  -f CMakeFiles/cmTC_41af6.dir/build.make CMakeFiles/cmTC_41af6.dir/build
gmake[1]: Entering directory '/home/giovany/Development/GioEngine/build/CMakeFiles/CMakeTmp'
Building C object CMakeFiles/cmTC_41af6.dir/CheckSymbolExists.c.o
/usr/bin/cc   -idirafter "/home/giovany/Development/GioEngine/libs/SDL/src/video/khronos"  -o CMakeFiles/cmTC_41af6.dir/CheckSymbolExists.c.o -c /home/giovany/Development/GioEngine/build/CMakeFiles/CMakeTmp/CheckSymbolExists.c
/home/giovany/Development/GioEngine/build/CMakeFiles/CMakeTmp/CheckSymbolExists.c: In function ‘main’:
/home/giovany/Development/GioEngine/build/CMakeFiles/CMakeTmp/CheckSymbolExists.c:14:19: error: ‘_strlwr’ undeclared (first use in this function)
   14 |   return ((int*)(&_strlwr))[argc];
      |                   ^~~~~~~
/home/giovany/Development/GioEngine/build/CMakeFiles/CMakeTmp/CheckSymbolExists.c:14:19: note: each undeclared identifier is reported only once for each function it appears in
gmake[1]: *** [CMakeFiles/cmTC_41af6.dir/build.make:78: CMakeFiles/cmTC_41af6.dir/CheckSymbolExists.c.o] Error 1
gmake[1]: Leaving directory '/home/giovany/Development/GioEngine/build/CMakeFiles/CMakeTmp'
gmake: *** [Makefile:127: cmTC_41af6/fast] Error 2


File /home/giovany/Development/GioEngine/build/CMakeFiles/CMakeTmp/CheckSymbolExists.c:
/* */
#include <stddef.h>
#include <stdarg.h>
#include <stdlib.h>
#include <string.h>
#include <stdio.h>
#include <wchar.h>
#include <float.h>

int main(int argc, char** argv)
{
  (void)argv;
#ifndef _strlwr
  return ((int*)(&_strlwr))[argc];
#else
  (void)argc;
  return 0;
#endif
}
Determining if the itoa exist failed with the following output:
Change Dir: /home/giovany/Development/GioEngine/build/CMakeFiles/CMakeTmp

Run Build Command(s):/usr/bin/gmake -f Makefile cmTC_55f65/fast && /usr/bin/gmake  -f CMakeFiles/cmTC_55f65.dir/build.make CMakeFiles/cmTC_55f65.dir/build
gmake[1]: Entering directory '/home/giovany/Development/GioEngine/build/CMakeFiles/CMakeTmp'
Building C object CMakeFiles/cmTC_55f65.dir/CheckSymbolExists.c.o
/usr/bin/cc   -idirafter "/home/giovany/Development/GioEngine/libs/SDL/src/video/khronos"  -o CMakeFiles/cmTC_55f65.dir/CheckSymbolExists.c.o -c /home/giovany/Development/GioEngine/build/CMakeFiles/CMakeTmp/CheckSymbolExists.c
/home/giovany/Development/GioEngine/build/CMakeFiles/CMakeTmp/CheckSymbolExists.c: In function ‘main’:
/home/giovany/Development/GioEngine/build/CMakeFiles/CMakeTmp/CheckSymbolExists.c:14:19: error: ‘itoa’ undeclared (first use in this function)
   14 |   return ((int*)(&itoa))[argc];
      |                   ^~~~
/home/giovany/Development/GioEngine/build/CMakeFiles/CMakeTmp/CheckSymbolExists.c:14:19: note: each undeclared identifier is reported only once for each function it appears in
gmake[1]: *** [CMakeFiles/cmTC_55f65.dir/build.make:78: CMakeFiles/cmTC_55f65.dir/CheckSymbolExists.c.o] Error 1
gmake[1]: Leaving directory '/home/giovany/Development/GioEngine/build/CMakeFiles/CMakeTmp'
gmake: *** [Makefile:127: cmTC_55f65/fast] Error 2


File /home/giovany/Development/GioEngine/build/CMakeFiles/CMakeTmp/CheckSymbolExists.c:
/* */
#include <stddef.h>
#include <stdarg.h>
#include <stdlib.h>
#include <string.h>
#include <stdio.h>
#include <wchar.h>
#include <float.h>

int main(int argc, char** argv)
{
  (void)argv;
#ifndef itoa
  return ((int*)(&itoa))[argc];
#else
  (void)argc;
  return 0;
#endif
}
Determining if the _ltoa exist failed with the following output:
Change Dir: /home/giovany/Development/GioEngine/build/CMakeFiles/CMakeTmp

Run Build Command(s):/usr/bin/gmake -f Makefile cmTC_431b6/fast && /usr/bin/gmake  -f CMakeFiles/cmTC_431b6.dir/build.make CMakeFiles/cmTC_431b6.dir/build
gmake[1]: Entering directory '/home/giovany/Development/GioEngine/build/CMakeFiles/CMakeTmp'
Building C object CMakeFiles/cmTC_431b6.dir/CheckSymbolExists.c.o
/usr/bin/cc   -idirafter "/home/giovany/Development/GioEngine/libs/SDL/src/video/khronos"  -o CMakeFiles/cmTC_431b6.dir/CheckSymbolExists.c.o -c /home/giovany/Development/GioEngine/build/CMakeFiles/CMakeTmp/CheckSymbolExists.c
/home/giovany/Development/GioEngine/build/CMakeFiles/CMakeTmp/CheckSymbolExists.c: In function ‘main’:
/home/giovany/Development/GioEngine/build/CMakeFiles/CMakeTmp/CheckSymbolExists.c:14:19: error: ‘_ltoa’ undeclared (first use in this function)
   14 |   return ((int*)(&_ltoa))[argc];
      |                   ^~~~~
/home/giovany/Development/GioEngine/build/CMakeFiles/CMakeTmp/CheckSymbolExists.c:14:19: note: each undeclared identifier is reported only once for each function it appears in
gmake[1]: *** [CMakeFiles/cmTC_431b6.dir/build.make:78: CMakeFiles/cmTC_431b6.dir/CheckSymbolExists.c.o] Error 1
gmake[1]: Leaving directory '/home/giovany/Development/GioEngine/build/CMakeFiles/CMakeTmp'
gmake: *** [Makefile:127: cmTC_431b6/fast] Error 2


File /home/giovany/Development/GioEngine/build/CMakeFiles/CMakeTmp/CheckSymbolExists.c:
/* */
#include <stddef.h>
#include <stdarg.h>
#include <stdlib.h>
#include <string.h>
#include <stdio.h>
#include <wchar.h>
#include <float.h>

int main(int argc, char** argv)
{
  (void)argv;
#ifndef _ltoa
  return ((int*)(&_ltoa))[argc];
#else
  (void)argc;
  return 0;
#endif
}
Determining if the _uitoa exist failed with the following output:
Change Dir: /home/giovany/Development/GioEngine/build/CMakeFiles/CMakeTmp

Run Build Command(s):/usr/bin/gmake -f Makefile cmTC_0bc3f/fast && /usr/bin/gmake  -f CMakeFiles/cmTC_0bc3f.dir/build.make CMakeFiles/cmTC_0bc3f.dir/build
gmake[1]: Entering directory '/home/giovany/Development/GioEngine/build/CMakeFiles/CMakeTmp'
Building C object CMakeFiles/cmTC_0bc3f.dir/CheckSymbolExists.c.o
/usr/bin/cc   -idirafter "/home/giovany/Development/GioEngine/libs/SDL/src/video/khronos"  -o CMakeFiles/cmTC_0bc3f.dir/CheckSymbolExists.c.o -c /home/giovany/Development/GioEngine/build/CMakeFiles/CMakeTmp/CheckSymbolExists.c
/home/giovany/Development/GioEngine/build/CMakeFiles/CMakeTmp/CheckSymbolExists.c: In function ‘main’:
/home/giovany/Development/GioEngine/build/CMakeFiles/CMakeTmp/CheckSymbolExists.c:14:19: error: ‘_uitoa’ undeclared (first use in this function)
   14 |   return ((int*)(&_uitoa))[argc];
      |                   ^~~~~~
/home/giovany/Development/GioEngine/build/CMakeFiles/CMakeTmp/CheckSymbolExists.c:14:19: note: each undeclared identifier is reported only once for each function it appears in
gmake[1]: *** [CMakeFiles/cmTC_0bc3f.dir/build.make:78: CMakeFiles/cmTC_0bc3f.dir/CheckSymbolExists.c.o] Error 1
gmake[1]: Leaving directory '/home/giovany/Development/GioEngine/build/CMakeFiles/CMakeTmp'
gmake: *** [Makefile:127: cmTC_0bc3f/fast] Error 2


File /home/giovany/Development/GioEngine/build/CMakeFiles/CMakeTmp/CheckSymbolExists.c:
/* */
#include <stddef.h>
#include <stdarg.h>
#include <stdlib.h>
#include <string.h>
#include <stdio.h>
#include <wchar.h>
#include <float.h>

int main(int argc, char** argv)
{
  (void)argv;
#ifndef _uitoa
  return ((int*)(&_uitoa))[argc];
#else
  (void)argc;
  return 0;
#endif
}
Determining if the _ultoa exist failed with the following output:
Change Dir: /home/giovany/Development/GioEngine/build/CMakeFiles/CMakeTmp

Run Build Command(s):/usr/bin/gmake -f Makefile cmTC_04bfb/fast && /usr/bin/gmake  -f CMakeFiles/cmTC_04bfb.dir/build.make CMakeFiles/cmTC_04bfb.dir/build
gmake[1]: Entering directory '/home/giovany/Development/GioEngine/build/CMakeFiles/CMakeTmp'
Building C object CMakeFiles/cmTC_04bfb.dir/CheckSymbolExists.c.o
/usr/bin/cc   -idirafter "/home/giovany/Development/GioEngine/libs/SDL/src/video/khronos"  -o CMakeFiles/cmTC_04bfb.dir/CheckSymbolExists.c.o -c /home/giovany/Development/GioEngine/build/CMakeFiles/CMakeTmp/CheckSymbolExists.c
/home/giovany/Development/GioEngine/build/CMakeFiles/CMakeTmp/CheckSymbolExists.c: In function ‘main’:
/home/giovany/Development/GioEngine/build/CMakeFiles/CMakeTmp/CheckSymbolExists.c:14:19: error: ‘_ultoa’ undeclared (first use in this function)
   14 |   return ((int*)(&_ultoa))[argc];
      |                   ^~~~~~
/home/giovany/Development/GioEngine/build/CMakeFiles/CMakeTmp/CheckSymbolExists.c:14:19: note: each undeclared identifier is reported only once for each function it appears in
gmake[1]: *** [CMakeFiles/cmTC_04bfb.dir/build.make:78: CMakeFiles/cmTC_04bfb.dir/CheckSymbolExists.c.o] Error 1
gmake[1]: Leaving directory '/home/giovany/Development/GioEngine/build/CMakeFiles/CMakeTmp'
gmake: *** [Makefile:127: cmTC_04bfb/fast] Error 2


File /home/giovany/Development/GioEngine/build/CMakeFiles/CMakeTmp/CheckSymbolExists.c:
/* */
#include <stddef.h>
#include <stdarg.h>
#include <stdlib.h>
#include <string.h>
#include <stdio.h>
#include <wchar.h>
#include <float.h>

int main(int argc, char** argv)
{
  (void)argv;
#ifndef _ultoa
  return ((int*)(&_ultoa))[argc];
#else
  (void)argc;
  return 0;
#endif
}
Determining if the _i64toa exist failed with the following output:
Change Dir: /home/giovany/Development/GioEngine/build/CMakeFiles/CMakeTmp

Run Build Command(s):/usr/bin/gmake -f Makefile cmTC_6ec8f/fast && /usr/bin/gmake  -f CMakeFiles/cmTC_6ec8f.dir/build.make CMakeFiles/cmTC_6ec8f.dir/build
gmake[1]: Entering directory '/home/giovany/Development/GioEngine/build/CMakeFiles/CMakeTmp'
Building C object CMakeFiles/cmTC_6ec8f.dir/CheckSymbolExists.c.o
/usr/bin/cc   -idirafter "/home/giovany/Development/GioEngine/libs/SDL/src/video/khronos"  -o CMakeFiles/cmTC_6ec8f.dir/CheckSymbolExists.c.o -c /home/giovany/Development/GioEngine/build/CMakeFiles/CMakeTmp/CheckSymbolExists.c
/home/giovany/Development/GioEngine/build/CMakeFiles/CMakeTmp/CheckSymbolExists.c: In function ‘main’:
/home/giovany/Development/GioEngine/build/CMakeFiles/CMakeTmp/CheckSymbolExists.c:14:19: error: ‘_i64toa’ undeclared (first use in this function)
   14 |   return ((int*)(&_i64toa))[argc];
      |                   ^~~~~~~
/home/giovany/Development/GioEngine/build/CMakeFiles/CMakeTmp/CheckSymbolExists.c:14:19: note: each undeclared identifier is reported only once for each function it appears in
gmake[1]: *** [CMakeFiles/cmTC_6ec8f.dir/build.make:78: CMakeFiles/cmTC_6ec8f.dir/CheckSymbolExists.c.o] Error 1
gmake[1]: Leaving directory '/home/giovany/Development/GioEngine/build/CMakeFiles/CMakeTmp'
gmake: *** [Makefile:127: cmTC_6ec8f/fast] Error 2


File /home/giovany/Development/GioEngine/build/CMakeFiles/CMakeTmp/CheckSymbolExists.c:
/* */
#include <stddef.h>
#include <stdarg.h>
#include <stdlib.h>
#include <string.h>
#include <stdio.h>
#include <wchar.h>
#include <float.h>

int main(int argc, char** argv)
{
  (void)argv;
#ifndef _i64toa
  return ((int*)(&_i64toa))[argc];
#else
  (void)argc;
  return 0;
#endif
}
Determining if the _ui64toa exist failed with the following output:
Change Dir: /home/giovany/Development/GioEngine/build/CMakeFiles/CMakeTmp

Run Build Command(s):/usr/bin/gmake -f Makefile cmTC_0a60e/fast && /usr/bin/gmake  -f CMakeFiles/cmTC_0a60e.dir/build.make CMakeFiles/cmTC_0a60e.dir/build
gmake[1]: Entering directory '/home/giovany/Development/GioEngine/build/CMakeFiles/CMakeTmp'
Building C object CMakeFiles/cmTC_0a60e.dir/CheckSymbolExists.c.o
/usr/bin/cc   -idirafter "/home/giovany/Development/GioEngine/libs/SDL/src/video/khronos"  -o CMakeFiles/cmTC_0a60e.dir/CheckSymbolExists.c.o -c /home/giovany/Development/GioEngine/build/CMakeFiles/CMakeTmp/CheckSymbolExists.c
/home/giovany/Development/GioEngine/build/CMakeFiles/CMakeTmp/CheckSymbolExists.c: In function ‘main’:
/home/giovany/Development/GioEngine/build/CMakeFiles/CMakeTmp/CheckSymbolExists.c:14:19: error: ‘_ui64toa’ undeclared (first use in this function)
   14 |   return ((int*)(&_ui64toa))[argc];
      |                   ^~~~~~~~
/home/giovany/Development/GioEngine/build/CMakeFiles/CMakeTmp/CheckSymbolExists.c:14:19: note: each undeclared identifier is reported only once for each function it appears in
gmake[1]: *** [CMakeFiles/cmTC_0a60e.dir/build.make:78: CMakeFiles/cmTC_0a60e.dir/CheckSymbolExists.c.o] Error 1
gmake[1]: Leaving directory '/home/giovany/Development/GioEngine/build/CMakeFiles/CMakeTmp'
gmake: *** [Makefile:127: cmTC_0a60e/fast] Error 2


File /home/giovany/Development/GioEngine/build/CMakeFiles/CMakeTmp/CheckSymbolExists.c:
/* */
#include <stddef.h>
#include <stdarg.h>
#include <stdlib.h>
#include <string.h>
#include <stdio.h>
#include <wchar.h>
#include <float.h>

int main(int argc, char** argv)
{
  (void)argv;
#ifndef _ui64toa
  return ((int*)(&_ui64toa))[argc];
#else
  (void)argc;
  return 0;
#endif
}
Determining if the _stricmp exist failed with the following output:
Change Dir: /home/giovany/Development/GioEngine/build/CMakeFiles/CMakeTmp

Run Build Command(s):/usr/bin/gmake -f Makefile cmTC_4ee61/fast && /usr/bin/gmake  -f CMakeFiles/cmTC_4ee61.dir/build.make CMakeFiles/cmTC_4ee61.dir/build
gmake[1]: Entering directory '/home/giovany/Development/GioEngine/build/CMakeFiles/CMakeTmp'
Building C object CMakeFiles/cmTC_4ee61.dir/CheckSymbolExists.c.o
/usr/bin/cc   -idirafter "/home/giovany/Development/GioEngine/libs/SDL/src/video/khronos"  -o CMakeFiles/cmTC_4ee61.dir/CheckSymbolExists.c.o -c /home/giovany/Development/GioEngine/build/CMakeFiles/CMakeTmp/CheckSymbolExists.c
/home/giovany/Development/GioEngine/build/CMakeFiles/CMakeTmp/CheckSymbolExists.c: In function ‘main’:
/home/giovany/Development/GioEngine/build/CMakeFiles/CMakeTmp/CheckSymbolExists.c:14:19: error: ‘_stricmp’ undeclared (first use in this function); did you mean ‘strncmp’?
   14 |   return ((int*)(&_stricmp))[argc];
      |                   ^~~~~~~~
      |                   strncmp
/home/giovany/Development/GioEngine/build/CMakeFiles/CMakeTmp/CheckSymbolExists.c:14:19: note: each undeclared identifier is reported only once for each function it appears in
gmake[1]: *** [CMakeFiles/cmTC_4ee61.dir/build.make:78: CMakeFiles/cmTC_4ee61.dir/CheckSymbolExists.c.o] Error 1
gmake[1]: Leaving directory '/home/giovany/Development/GioEngine/build/CMakeFiles/CMakeTmp'
gmake: *** [Makefile:127: cmTC_4ee61/fast] Error 2


File /home/giovany/Development/GioEngine/build/CMakeFiles/CMakeTmp/CheckSymbolExists.c:
/* */
#include <stddef.h>
#include <stdarg.h>
#include <stdlib.h>
#include <string.h>
#include <stdio.h>
#include <wchar.h>
#include <float.h>

int main(int argc, char** argv)
{
  (void)argv;
#ifndef _stricmp
  return ((int*)(&_stricmp))[argc];
#else
  (void)argc;
  return 0;
#endif
}
Determining if the _strnicmp exist failed with the following output:
Change Dir: /home/giovany/Development/GioEngine/build/CMakeFiles/CMakeTmp

Run Build Command(s):/usr/bin/gmake -f Makefile cmTC_5c644/fast && /usr/bin/gmake  -f CMakeFiles/cmTC_5c644.dir/build.make CMakeFiles/cmTC_5c644.dir/build
gmake[1]: Entering directory '/home/giovany/Development/GioEngine/build/CMakeFiles/CMakeTmp'
Building C object CMakeFiles/cmTC_5c644.dir/CheckSymbolExists.c.o
/usr/bin/cc   -idirafter "/home/giovany/Development/GioEngine/libs/SDL/src/video/khronos"  -o CMakeFiles/cmTC_5c644.dir/CheckSymbolExists.c.o -c /home/giovany/Development/GioEngine/build/CMakeFiles/CMakeTmp/CheckSymbolExists.c
/home/giovany/Development/GioEngine/build/CMakeFiles/CMakeTmp/CheckSymbolExists.c: In function ‘main’:
/home/giovany/Development/GioEngine/build/CMakeFiles/CMakeTmp/CheckSymbolExists.c:14:19: error: ‘_strnicmp’ undeclared (first use in this function); did you mean ‘strncmp’?
   14 |   return ((int*)(&_strnicmp))[argc];
      |                   ^~~~~~~~~
      |                   strncmp
/home/giovany/Development/GioEngine/build/CMakeFiles/CMakeTmp/CheckSymbolExists.c:14:19: note: each undeclared identifier is reported only once for each function it appears in
gmake[1]: *** [CMakeFiles/cmTC_5c644.dir/build.make:78: CMakeFiles/cmTC_5c644.dir/CheckSymbolExists.c.o] Error 1
gmake[1]: Leaving directory '/home/giovany/Development/GioEngine/build/CMakeFiles/CMakeTmp'
gmake: *** [Makefile:127: cmTC_5c644/fast] Error 2


File /home/giovany/Development/GioEngine/build/CMakeFiles/CMakeTmp/CheckSymbolExists.c:
/* */
#include <stddef.h>
#include <stdarg.h>
#include <stdlib.h>
#include <string.h>
#include <stdio.h>
#include <wchar.h>
#include <float.h>

int main(int argc, char** argv)
{
  (void)argv;
#ifndef _strnicmp
  return ((int*)(&_strnicmp))[argc];
#else
  (void)argc;
  return 0;
#endif
}
Determining if the _wcsdup exist failed with the following output:
Change Dir: /home/giovany/Development/GioEngine/build/CMakeFiles/CMakeTmp

Run Build Command(s):/usr/bin/gmake -f Makefile cmTC_64045/fast && /usr/bin/gmake  -f CMakeFiles/cmTC_64045.dir/build.make CMakeFiles/cmTC_64045.dir/build
gmake[1]: Entering directory '/home/giovany/Development/GioEngine/build/CMakeFiles/CMakeTmp'
Building C object CMakeFiles/cmTC_64045.dir/CheckSymbolExists.c.o
/usr/bin/cc   -idirafter "/home/giovany/Development/GioEngine/libs/SDL/src/video/khronos"  -o CMakeFiles/cmTC_64045.dir/CheckSymbolExists.c.o -c /home/giovany/Development/GioEngine/build/CMakeFiles/CMakeTmp/CheckSymbolExists.c
/home/giovany/Development/GioEngine/build/CMakeFiles/CMakeTmp/CheckSymbolExists.c: In function ‘main’:
/home/giovany/Development/GioEngine/build/CMakeFiles/CMakeTmp/CheckSymbolExists.c:14:19: error: ‘_wcsdup’ undeclared (first use in this function); did you mean ‘wcsdup’?
   14 |   return ((int*)(&_wcsdup))[argc];
      |                   ^~~~~~~
      |                   wcsdup
/home/giovany/Development/GioEngine/build/CMakeFiles/CMakeTmp/CheckSymbolExists.c:14:19: note: each undeclared identifier is reported only once for each function it appears in
gmake[1]: *** [CMakeFiles/cmTC_64045.dir/build.make:78: CMakeFiles/cmTC_64045.dir/CheckSymbolExists.c.o] Error 1
gmake[1]: Leaving directory '/home/giovany/Development/GioEngine/build/CMakeFiles/CMakeTmp'
gmake: *** [Makefile:127: cmTC_64045/fast] Error 2


File /home/giovany/Development/GioEngine/build/CMakeFiles/CMakeTmp/CheckSymbolExists.c:
/* */
#include <stddef.h>
#include <stdarg.h>
#include <stdlib.h>
#include <string.h>
#include <stdio.h>
#include <wchar.h>
#include <float.h>

int main(int argc, char** argv)
{
  (void)argv;
#ifndef _wcsdup
  return ((int*)(&_wcsdup))[argc];
#else
  (void)argc;
  return 0;
#endif
}
Determining if the wcslcat exist failed with the following output:
Change Dir: /home/giovany/Development/GioEngine/build/CMakeFiles/CMakeTmp

Run Build Command(s):/usr/bin/gmake -f Makefile cmTC_5757d/fast && /usr/bin/gmake  -f CMakeFiles/cmTC_5757d.dir/build.make CMakeFiles/cmTC_5757d.dir/build
gmake[1]: Entering directory '/home/giovany/Development/GioEngine/build/CMakeFiles/CMakeTmp'
Building C object CMakeFiles/cmTC_5757d.dir/CheckSymbolExists.c.o
/usr/bin/cc   -idirafter "/home/giovany/Development/GioEngine/libs/SDL/src/video/khronos"  -o CMakeFiles/cmTC_5757d.dir/CheckSymbolExists.c.o -c /home/giovany/Development/GioEngine/build/CMakeFiles/CMakeTmp/CheckSymbolExists.c
/home/giovany/Development/GioEngine/build/CMakeFiles/CMakeTmp/CheckSymbolExists.c: In function ‘main’:
/home/giovany/Development/GioEngine/build/CMakeFiles/CMakeTmp/CheckSymbolExists.c:14:19: error: ‘wcslcat’ undeclared (first use in this function); did you mean ‘wcsncat’?
   14 |   return ((int*)(&wcslcat))[argc];
      |                   ^~~~~~~
      |                   wcsncat
/home/giovany/Development/GioEngine/build/CMakeFiles/CMakeTmp/CheckSymbolExists.c:14:19: note: each undeclared identifier is reported only once for each function it appears in
gmake[1]: *** [CMakeFiles/cmTC_5757d.dir/build.make:78: CMakeFiles/cmTC_5757d.dir/CheckSymbolExists.c.o] Error 1
gmake[1]: Leaving directory '/home/giovany/Development/GioEngine/build/CMakeFiles/CMakeTmp'
gmake: *** [Makefile:127: cmTC_5757d/fast] Error 2


File /home/giovany/Development/GioEngine/build/CMakeFiles/CMakeTmp/CheckSymbolExists.c:
/* */
#include <stddef.h>
#include <stdarg.h>
#include <stdlib.h>
#include <string.h>
#include <stdio.h>
#include <wchar.h>
#include <float.h>

int main(int argc, char** argv)
{
  (void)argv;
#ifndef wcslcat
  return ((int*)(&wcslcat))[argc];
#else
  (void)argc;
  return 0;
#endif
}
Determining if the wcslcpy exist failed with the following output:
Change Dir: /home/giovany/Development/GioEngine/build/CMakeFiles/CMakeTmp

Run Build Command(s):/usr/bin/gmake -f Makefile cmTC_86164/fast && /usr/bin/gmake  -f CMakeFiles/cmTC_86164.dir/build.make CMakeFiles/cmTC_86164.dir/build
gmake[1]: Entering directory '/home/giovany/Development/GioEngine/build/CMakeFiles/CMakeTmp'
Building C object CMakeFiles/cmTC_86164.dir/CheckSymbolExists.c.o
/usr/bin/cc   -idirafter "/home/giovany/Development/GioEngine/libs/SDL/src/video/khronos"  -o CMakeFiles/cmTC_86164.dir/CheckSymbolExists.c.o -c /home/giovany/Development/GioEngine/build/CMakeFiles/CMakeTmp/CheckSymbolExists.c
/home/giovany/Development/GioEngine/build/CMakeFiles/CMakeTmp/CheckSymbolExists.c: In function ‘main’:
/home/giovany/Development/GioEngine/build/CMakeFiles/CMakeTmp/CheckSymbolExists.c:14:19: error: ‘wcslcpy’ undeclared (first use in this function); did you mean ‘wcsncpy’?
   14 |   return ((int*)(&wcslcpy))[argc];
      |                   ^~~~~~~
      |                   wcsncpy
/home/giovany/Development/GioEngine/build/CMakeFiles/CMakeTmp/CheckSymbolExists.c:14:19: note: each undeclared identifier is reported only once for each function it appears in
gmake[1]: *** [CMakeFiles/cmTC_86164.dir/build.make:78: CMakeFiles/cmTC_86164.dir/CheckSymbolExists.c.o] Error 1
gmake[1]: Leaving directory '/home/giovany/Development/GioEngine/build/CMakeFiles/CMakeTmp'
gmake: *** [Makefile:127: cmTC_86164/fast] Error 2


File /home/giovany/Development/GioEngine/build/CMakeFiles/CMakeTmp/CheckSymbolExists.c:
/* */
#include <stddef.h>
#include <stdarg.h>
#include <stdlib.h>
#include <string.h>
#include <stdio.h>
#include <wchar.h>
#include <float.h>

int main(int argc, char** argv)
{
  (void)argv;
#ifndef wcslcpy
  return ((int*)(&wcslcpy))[argc];
#else
  (void)argc;
  return 0;
#endif
}
Determining if the _wcsicmp exist failed with the following output:
Change Dir: /home/giovany/Development/GioEngine/build/CMakeFiles/CMakeTmp

Run Build Command(s):/usr/bin/gmake -f Makefile cmTC_37694/fast && /usr/bin/gmake  -f CMakeFiles/cmTC_37694.dir/build.make CMakeFiles/cmTC_37694.dir/build
gmake[1]: Entering directory '/home/giovany/Development/GioEngine/build/CMakeFiles/CMakeTmp'
Building C object CMakeFiles/cmTC_37694.dir/CheckSymbolExists.c.o
/usr/bin/cc   -idirafter "/home/giovany/Development/GioEngine/libs/SDL/src/video/khronos"  -o CMakeFiles/cmTC_37694.dir/CheckSymbolExists.c.o -c /home/giovany/Development/GioEngine/build/CMakeFiles/CMakeTmp/CheckSymbolExists.c
/home/giovany/Development/GioEngine/build/CMakeFiles/CMakeTmp/CheckSymbolExists.c: In function ‘main’:
/home/giovany/Development/GioEngine/build/CMakeFiles/CMakeTmp/CheckSymbolExists.c:14:19: error: ‘_wcsicmp’ undeclared (first use in this function); did you mean ‘wcsncmp’?
   14 |   return ((int*)(&_wcsicmp))[argc];
      |                   ^~~~~~~~
      |                   wcsncmp
/home/giovany/Development/GioEngine/build/CMakeFiles/CMakeTmp/CheckSymbolExists.c:14:19: note: each undeclared identifier is reported only once for each function it appears in
gmake[1]: *** [CMakeFiles/cmTC_37694.dir/build.make:78: CMakeFiles/cmTC_37694.dir/CheckSymbolExists.c.o] Error 1
gmake[1]: Leaving directory '/home/giovany/Development/GioEngine/build/CMakeFiles/CMakeTmp'
gmake: *** [Makefile:127: cmTC_37694/fast] Error 2


File /home/giovany/Development/GioEngine/build/CMakeFiles/CMakeTmp/CheckSymbolExists.c:
/* */
#include <stddef.h>
#include <stdarg.h>
#include <stdlib.h>
#include <string.h>
#include <stdio.h>
#include <wchar.h>
#include <float.h>

int main(int argc, char** argv)
{
  (void)argv;
#ifndef _wcsicmp
  return ((int*)(&_wcsicmp))[argc];
#else
  (void)argc;
  return 0;
#endif
}
Determining if the _wcsnicmp exist failed with the following output:
Change Dir: /home/giovany/Development/GioEngine/build/CMakeFiles/CMakeTmp

Run Build Command(s):/usr/bin/gmake -f Makefile cmTC_7f632/fast && /usr/bin/gmake  -f CMakeFiles/cmTC_7f632.dir/build.make CMakeFiles/cmTC_7f632.dir/build
gmake[1]: Entering directory '/home/giovany/Development/GioEngine/build/CMakeFiles/CMakeTmp'
Building C object CMakeFiles/cmTC_7f632.dir/CheckSymbolExists.c.o
/usr/bin/cc   -idirafter "/home/giovany/Development/GioEngine/libs/SDL/src/video/khronos"  -o CMakeFiles/cmTC_7f632.dir/CheckSymbolExists.c.o -c /home/giovany/Development/GioEngine/build/CMakeFiles/CMakeTmp/CheckSymbolExists.c
/home/giovany/Development/GioEngine/build/CMakeFiles/CMakeTmp/CheckSymbolExists.c: In function ‘main’:
/home/giovany/Development/GioEngine/build/CMakeFiles/CMakeTmp/CheckSymbolExists.c:14:19: error: ‘_wcsnicmp’ undeclared (first use in this function); did you mean ‘wcsncmp’?
   14 |   return ((int*)(&_wcsnicmp))[argc];
      |                   ^~~~~~~~~
      |                   wcsncmp
/home/giovany/Development/GioEngine/build/CMakeFiles/CMakeTmp/CheckSymbolExists.c:14:19: note: each undeclared identifier is reported only once for each function it appears in
gmake[1]: *** [CMakeFiles/cmTC_7f632.dir/build.make:78: CMakeFiles/cmTC_7f632.dir/CheckSymbolExists.c.o] Error 1
gmake[1]: Leaving directory '/home/giovany/Development/GioEngine/build/CMakeFiles/CMakeTmp'
gmake: *** [Makefile:127: cmTC_7f632/fast] Error 2


File /home/giovany/Development/GioEngine/build/CMakeFiles/CMakeTmp/CheckSymbolExists.c:
/* */
#include <stddef.h>
#include <stdarg.h>
#include <stdlib.h>
#include <string.h>
#include <stdio.h>
#include <wchar.h>
#include <float.h>

int main(int argc, char** argv)
{
  (void)argv;
#ifndef _wcsnicmp
  return ((int*)(&_wcsnicmp))[argc];
#else
  (void)argc;
  return 0;
#endif
}
Determining if the fopen64 exist failed with the following output:
Change Dir: /home/giovany/Development/GioEngine/build/CMakeFiles/CMakeTmp

Run Build Command(s):/usr/bin/gmake -f Makefile cmTC_a8f24/fast && /usr/bin/gmake  -f CMakeFiles/cmTC_a8f24.dir/build.make CMakeFiles/cmTC_a8f24.dir/build
gmake[1]: Entering directory '/home/giovany/Development/GioEngine/build/CMakeFiles/CMakeTmp'
Building C object CMakeFiles/cmTC_a8f24.dir/CheckSymbolExists.c.o
/usr/bin/cc   -idirafter "/home/giovany/Development/GioEngine/libs/SDL/src/video/khronos"  -o CMakeFiles/cmTC_a8f24.dir/CheckSymbolExists.c.o -c /home/giovany/Development/GioEngine/build/CMakeFiles/CMakeTmp/CheckSymbolExists.c
/home/giovany/Development/GioEngine/build/CMakeFiles/CMakeTmp/CheckSymbolExists.c: In function ‘main’:
/home/giovany/Development/GioEngine/build/CMakeFiles/CMakeTmp/CheckSymbolExists.c:14:19: error: ‘fopen64’ undeclared (first use in this function); did you mean ‘fopen’?
   14 |   return ((int*)(&fopen64))[argc];
      |                   ^~~~~~~
      |                   fopen
/home/giovany/Development/GioEngine/build/CMakeFiles/CMakeTmp/CheckSymbolExists.c:14:19: note: each undeclared identifier is reported only once for each function it appears in
gmake[1]: *** [CMakeFiles/cmTC_a8f24.dir/build.make:78: CMakeFiles/cmTC_a8f24.dir/CheckSymbolExists.c.o] Error 1
gmake[1]: Leaving directory '/home/giovany/Development/GioEngine/build/CMakeFiles/CMakeTmp'
gmake: *** [Makefile:127: cmTC_a8f24/fast] Error 2


File /home/giovany/Development/GioEngine/build/CMakeFiles/CMakeTmp/CheckSymbolExists.c:
/* */
#include <stddef.h>
#include <stdarg.h>
#include <stdlib.h>
#include <string.h>
#include <stdio.h>
#include <wchar.h>
#include <float.h>

int main(int argc, char** argv)
{
  (void)argv;
#ifndef fopen64
  return ((int*)(&fopen64))[argc];
#else
  (void)argc;
  return 0;
#endif
}
Determining if the fseeko64 exist failed with the following output:
Change Dir: /home/giovany/Development/GioEngine/build/CMakeFiles/CMakeTmp

Run Build Command(s):/usr/bin/gmake -f Makefile cmTC_e4d19/fast && /usr/bin/gmake  -f CMakeFiles/cmTC_e4d19.dir/build.make CMakeFiles/cmTC_e4d19.dir/build
gmake[1]: Entering directory '/home/giovany/Development/GioEngine/build/CMakeFiles/CMakeTmp'
Building C object CMakeFiles/cmTC_e4d19.dir/CheckSymbolExists.c.o
/usr/bin/cc   -idirafter "/home/giovany/Development/GioEngine/libs/SDL/src/video/khronos"  -o CMakeFiles/cmTC_e4d19.dir/CheckSymbolExists.c.o -c /home/giovany/Development/GioEngine/build/CMakeFiles/CMakeTmp/CheckSymbolExists.c
/home/giovany/Development/GioEngine/build/CMakeFiles/CMakeTmp/CheckSymbolExists.c: In function ‘main’:
/home/giovany/Development/GioEngine/build/CMakeFiles/CMakeTmp/CheckSymbolExists.c:14:19: error: ‘fseeko64’ undeclared (first use in this function); did you mean ‘fseeko’?
   14 |   return ((int*)(&fseeko64))[argc];
      |                   ^~~~~~~~
      |                   fseeko
/home/giovany/Development/GioEngine/build/CMakeFiles/CMakeTmp/CheckSymbolExists.c:14:19: note: each undeclared identifier is reported only once for each function it appears in
gmake[1]: *** [CMakeFiles/cmTC_e4d19.dir/build.make:78: CMakeFiles/cmTC_e4d19.dir/CheckSymbolExists.c.o] Error 1
gmake[1]: Leaving directory '/home/giovany/Development/GioEngine/build/CMakeFiles/CMakeTmp'
gmake: *** [Makefile:127: cmTC_e4d19/fast] Error 2


File /home/giovany/Development/GioEngine/build/CMakeFiles/CMakeTmp/CheckSymbolExists.c:
/* */
#include <stddef.h>
#include <stdarg.h>
#include <stdlib.h>
#include <string.h>
#include <stdio.h>
#include <wchar.h>
#include <float.h>

int main(int argc, char** argv)
{
  (void)argv;
#ifndef fseeko64
  return ((int*)(&fseeko64))[argc];
#else
  (void)argc;
  return 0;
#endif
}
Determining if the sysctlbyname exist failed with the following output:
Change Dir: /home/giovany/Development/GioEngine/build/CMakeFiles/CMakeTmp

Run Build Command(s):/usr/bin/gmake -f Makefile cmTC_1f9cd/fast && /usr/bin/gmake  -f CMakeFiles/cmTC_1f9cd.dir/build.make CMakeFiles/cmTC_1f9cd.dir/build
gmake[1]: Entering directory '/home/giovany/Development/GioEngine/build/CMakeFiles/CMakeTmp'
Building C object CMakeFiles/cmTC_1f9cd.dir/CheckSymbolExists.c.o
/usr/bin/cc   -idirafter "/home/giovany/Development/GioEngine/libs/SDL/src/video/khronos"  -o CMakeFiles/cmTC_1f9cd.dir/CheckSymbolExists.c.o -c /home/giovany/Development/GioEngine/build/CMakeFiles/CMakeTmp/CheckSymbolExists.c
/home/giovany/Development/GioEngine/build/CMakeFiles/CMakeTmp/CheckSymbolExists.c:3:10: fatal error: sys/sysctl.h: No such file or directory
    3 | #include <sys/sysctl.h>
      |          ^~~~~~~~~~~~~~
compilation terminated.
gmake[1]: *** [CMakeFiles/cmTC_1f9cd.dir/build.make:78: CMakeFiles/cmTC_1f9cd.dir/CheckSymbolExists.c.o] Error 1
gmake[1]: Leaving directory '/home/giovany/Development/GioEngine/build/CMakeFiles/CMakeTmp'
gmake: *** [Makefile:127: cmTC_1f9cd/fast] Error 2


File /home/giovany/Development/GioEngine/build/CMakeFiles/CMakeTmp/CheckSymbolExists.c:
/* */
#include <sys/types.h>
#include <sys/sysctl.h>

int main(int argc, char** argv)
{
  (void)argv;
#ifndef sysctlbyname
  return ((int*)(&sysctlbyname))[argc];
#else
  (void)argc;
  return 0;
#endif
}
Determining if the elf_aux_info exist failed with the following output:
Change Dir: /home/giovany/Development/GioEngine/build/CMakeFiles/CMakeTmp

Run Build Command(s):/usr/bin/gmake -f Makefile cmTC_029c1/fast && /usr/bin/gmake  -f CMakeFiles/cmTC_029c1.dir/build.make CMakeFiles/cmTC_029c1.dir/build
gmake[1]: Entering directory '/home/giovany/Development/GioEngine/build/CMakeFiles/CMakeTmp'
Building C object CMakeFiles/cmTC_029c1.dir/CheckSymbolExists.c.o
/usr/bin/cc   -idirafter "/home/giovany/Development/GioEngine/libs/SDL/src/video/khronos"  -o CMakeFiles/cmTC_029c1.dir/CheckSymbolExists.c.o -c /home/giovany/Development/GioEngine/build/CMakeFiles/CMakeTmp/CheckSymbolExists.c
/home/giovany/Development/GioEngine/build/CMakeFiles/CMakeTmp/CheckSymbolExists.c: In function ‘main’:
/home/giovany/Development/GioEngine/build/CMakeFiles/CMakeTmp/CheckSymbolExists.c:8:19: error: ‘elf_aux_info’ undeclared (first use in this function)
    8 |   return ((int*)(&elf_aux_info))[argc];
      |                   ^~~~~~~~~~~~
/home/giovany/Development/GioEngine/build/CMakeFiles/CMakeTmp/CheckSymbolExists.c:8:19: note: each undeclared identifier is reported only once for each function it appears in
gmake[1]: *** [CMakeFiles/cmTC_029c1.dir/build.make:78: CMakeFiles/cmTC_029c1.dir/CheckSymbolExists.c.o] Error 1
gmake[1]: Leaving directory '/home/giovany/Development/GioEngine/build/CMakeFiles/CMakeTmp'
gmake: *** [Makefile:127: cmTC_029c1/fast] Error 2


File /home/giovany/Development/GioEngine/build/CMakeFiles/CMakeTmp/CheckSymbolExists.c:
/* */
#include <sys/auxv.h>

int main(int argc, char** argv)
{
  (void)argv;
#ifndef elf_aux_info
  return ((int*)(&elf_aux_info))[argc];
#else
  (void)argc;
  return 0;
#endif
}
Determining if the function iconv_open exists in the iconv failed with the following output:
Change Dir: /home/giovany/Development/GioEngine/build/CMakeFiles/CMakeTmp

Run Build Command(s):/usr/bin/gmake -f Makefile cmTC_1a09d/fast && /usr/bin/gmake  -f CMakeFiles/cmTC_1a09d.dir/build.make CMakeFiles/cmTC_1a09d.dir/build
gmake[1]: Entering directory '/home/giovany/Development/GioEngine/build/CMakeFiles/CMakeTmp'
Building C object CMakeFiles/cmTC_1a09d.dir/CheckFunctionExists.c.o
/usr/bin/cc   -idirafter "/home/giovany/Development/GioEngine/libs/SDL/src/video/khronos" -DCHECK_FUNCTION_EXISTS=iconv_open -o CMakeFiles/cmTC_1a09d.dir/CheckFunctionExists.c.o -c /usr/share/cmake-3.22/Modules/CheckFunctionExists.c
Linking C executable cmTC_1a09d
/usr/bin/cmake -E cmake_link_script CMakeFiles/cmTC_1a09d.dir/link.txt --verbose=1
/usr/bin/cc  -idirafter "/home/giovany/Development/GioEngine/libs/SDL/src/video/khronos" -DCHECK_FUNCTION_EXISTS=iconv_open -rdynamic CMakeFiles/cmTC_1a09d.dir/CheckFunctionExists.c.o -o cmTC_1a09d  -liconv 
/usr/bin/ld: cannot find -liconv: No such file or directory
collect2: error: ld returned 1 exit status
gmake[1]: *** [CMakeFiles/cmTC_1a09d.dir/build.make:99: cmTC_1a09d] Error 1
gmake[1]: Leaving directory '/home/giovany/Development/GioEngine/build/CMakeFiles/CMakeTmp'
gmake: *** [Makefile:127: cmTC_1a09d/fast] Error 2



Determining if the alloca exist failed with the following output:
Change Dir: /home/giovany/Development/GioEngine/build/CMakeFiles/CMakeTmp

Run Build Command(s):/usr/bin/gmake -f Makefile cmTC_6fadb/fast && /usr/bin/gmake  -f CMakeFiles/cmTC_6fadb.dir/build.make CMakeFiles/cmTC_6fadb.dir/build
gmake[1]: Entering directory '/home/giovany/Development/GioEngine/build/CMakeFiles/CMakeTmp'
Building C object CMakeFiles/cmTC_6fadb.dir/CheckSymbolExists.c.o
/usr/bin/cc   -idirafter "/home/giovany/Development/GioEngine/libs/SDL/src/video/khronos"  -o CMakeFiles/cmTC_6fadb.dir/CheckSymbolExists.c.o -c /home/giovany/Development/GioEngine/build/CMakeFiles/CMakeTmp/CheckSymbolExists.c
/home/giovany/Development/GioEngine/build/CMakeFiles/CMakeTmp/CheckSymbolExists.c: In function ‘main’:
/home/giovany/Development/GioEngine/build/CMakeFiles/CMakeTmp/CheckSymbolExists.c:8:19: error: ‘alloca’ undeclared (first use in this function); did you mean ‘valloc’?
    8 |   return ((int*)(&alloca))[argc];
      |                   ^~~~~~
      |                   valloc
/home/giovany/Development/GioEngine/build/CMakeFiles/CMakeTmp/CheckSymbolExists.c:8:19: note: each undeclared identifier is reported only once for each function it appears in
gmake[1]: *** [CMakeFiles/cmTC_6fadb.dir/build.make:78: CMakeFiles/cmTC_6fadb.dir/CheckSymbolExists.c.o] Error 1
gmake[1]: Leaving directory '/home/giovany/Development/GioEngine/build/CMakeFiles/CMakeTmp'
gmake: *** [Makefile:127: cmTC_6fadb/fast] Error 2


File /home/giovany/Development/GioEngine/build/CMakeFiles/CMakeTmp/CheckSymbolExists.c:
/* */
#include <malloc.h>

int main(int argc, char** argv)
{
  (void)argv;
#ifndef alloca
  return ((int*)(&alloca))[argc];
#else
  (void)argc;
  return 0;
#endif
}
Determining if the include file audio/audiolib.h exists failed with the following output:
Change Dir: /home/giovany/Development/GioEngine/build/CMakeFiles/CMakeTmp

Run Build Command(s):/usr/bin/gmake -f Makefile cmTC_322da/fast && /usr/bin/gmake  -f CMakeFiles/cmTC_322da.dir/build.make CMakeFiles/cmTC_322da.dir/build
gmake[1]: Entering directory '/home/giovany/Development/GioEngine/build/CMakeFiles/CMakeTmp'
Building C object CMakeFiles/cmTC_322da.dir/CheckIncludeFile.c.o
/usr/bin/cc   -idirafter "/home/giovany/Development/GioEngine/libs/SDL/src/video/khronos"  -o CMakeFiles/cmTC_322da.dir/CheckIncludeFile.c.o -c /home/giovany/Development/GioEngine/build/CMakeFiles/CMakeTmp/CheckIncludeFile.c
/home/giovany/Development/GioEngine/build/CMakeFiles/CMakeTmp/CheckIncludeFile.c:1:10: fatal error: audio/audiolib.h: No such file or directory
    1 | #include <audio/audiolib.h>
      |          ^~~~~~~~~~~~~~~~~~
compilation terminated.
gmake[1]: *** [CMakeFiles/cmTC_322da.dir/build.make:78: CMakeFiles/cmTC_322da.dir/CheckIncludeFile.c.o] Error 1
gmake[1]: Leaving directory '/home/giovany/Development/GioEngine/build/CMakeFiles/CMakeTmp'
gmake: *** [Makefile:127: cmTC_322da/fast] Error 2



Performing C SOURCE FILE Test HAVE_RPI failed with the following output:
Change Dir: /home/giovany/Development/GioEngine/build/CMakeFiles/CMakeTmp

Run Build Command(s):/usr/bin/gmake -f Makefile cmTC_884e9/fast && /usr/bin/gmake  -f CMakeFiles/cmTC_884e9.dir/build.make CMakeFiles/cmTC_884e9.dir/build
gmake[1]: Entering directory '/home/giovany/Development/GioEngine/build/CMakeFiles/CMakeTmp'
Building C object CMakeFiles/cmTC_884e9.dir/src.c.o
/usr/bin/cc -DHAVE_RPI  -idirafter "/home/giovany/Development/GioEngine/libs/SDL/src/video/khronos"   -I/opt/vc/include -I/opt/vc/include/interface/vcos/pthreads -I/opt/vc/include/interface/vmcs_host/linux/  -L/opt/vc/lib -o CMakeFiles/cmTC_884e9.dir/src.c.o -c /home/giovany/Development/GioEngine/build/CMakeFiles/CMakeTmp/src.c
/home/giovany/Development/GioEngine/build/CMakeFiles/CMakeTmp/src.c:2:18: fatal error: bcm_host.h: No such file or directory
    2 |         #include <bcm_host.h>
      |                  ^~~~~~~~~~~~
compilation terminated.
gmake[1]: *** [CMakeFiles/cmTC_884e9.dir/build.make:78: CMakeFiles/cmTC_884e9.dir/src.c.o] Error 1
gmake[1]: Leaving directory '/home/giovany/Development/GioEngine/build/CMakeFiles/CMakeTmp'
gmake: *** [Makefile:127: cmTC_884e9/fast] Error 2


Source file was:

        #include <bcm_host.h>
        #include <EGL/eglplatform.h>
        int main(int argc, char **argv) {
          EGL_DISPMANX_WINDOW_T window;
          bcm_host_init();
        }
Performing C SOURCE FILE Test HAVE_VIVANTE_VDK failed with the following output:
Change Dir: /home/giovany/Development/GioEngine/build/CMakeFiles/CMakeTmp

Run Build Command(s):/usr/bin/gmake -f Makefile cmTC_e370a/fast && /usr/bin/gmake  -f CMakeFiles/cmTC_e370a.dir/build.make CMakeFiles/cmTC_e370a.dir/build
gmake[1]: Entering directory '/home/giovany/Development/GioEngine/build/CMakeFiles/CMakeTmp'
Building C object CMakeFiles/cmTC_e370a.dir/src.c.o
/usr/bin/cc -DHAVE_VIVANTE_VDK  -idirafter "/home/giovany/Development/GioEngine/libs/SDL/src/video/khronos"  -o CMakeFiles/cmTC_e370a.dir/src.c.o -c /home/giovany/Development/GioEngine/build/CMakeFiles/CMakeTmp/src.c
/home/giovany/Development/GioEngine/build/CMakeFiles/CMakeTmp/src.c:2:18: fatal error: gc_vdk.h: No such file or directory
    2 |         #include <gc_vdk.h>
      |                  ^~~~~~~~~~
compilation terminated.
gmake[1]: *** [CMakeFiles/cmTC_e370a.dir/build.make:78: CMakeFiles/cmTC_e370a.dir/src.c.o] Error 1
gmake[1]: Leaving directory '/home/giovany/Development/GioEngine/build/CMakeFiles/CMakeTmp'
gmake: *** [Makefile:127: cmTC_e370a/fast] Error 2


Source file was:

        #include <gc_vdk.h>
        int main(int argc, char** argv) { return 0; }
Performing C SOURCE FILE Test HAVE_VIVANTE_EGL_FB failed with the following output:
Change Dir: /home/giovany/Development/GioEngine/build/CMakeFiles/CMakeTmp

Run Build Command(s):/usr/bin/gmake -f Makefile cmTC_6f7df/fast && /usr/bin/gmake  -f CMakeFiles/cmTC_6f7df.dir/build.make CMakeFiles/cmTC_6f7df.dir/build
gmake[1]: Entering directory '/home/giovany/Development/GioEngine/build/CMakeFiles/CMakeTmp'
Building C object CMakeFiles/cmTC_6f7df.dir/src.c.o
/usr/bin/cc -DHAVE_VIVANTE_EGL_FB  -idirafter "/home/giovany/Development/GioEngine/libs/SDL/src/video/khronos"  -o CMakeFiles/cmTC_6f7df.dir/src.c.o -c /home/giovany/Development/GioEngine/build/CMakeFiles/CMakeTmp/src.c
/home/giovany/Development/GioEngine/build/CMakeFiles/CMakeTmp/src.c:4:18: fatal error: EGL/eglvivante.h: No such file or directory
    4 |         #include <EGL/eglvivante.h>
      |                  ^~~~~~~~~~~~~~~~~~
compilation terminated.
gmake[1]: *** [CMakeFiles/cmTC_6f7df.dir/build.make:78: CMakeFiles/cmTC_6f7df.dir/src.c.o] Error 1
gmake[1]: Leaving directory '/home/giovany/Development/GioEngine/build/CMakeFiles/CMakeTmp'
gmake: *** [Makefile:127: cmTC_6f7df/fast] Error 2


Source file was:

        #define LINUX
        #define EGL_API_FB
        #include <EGL/eglvivante.h>
        int main(int argc, char** argv) { return 0; }
Determining if files pthread_np.h exist failed with the following output:
Change Dir: /home/giovany/Development/GioEngine/build/CMakeFiles/CMakeTmp

Run Build Command(s):/usr/bin/gmake -f Makefile cmTC_df628/fast && /usr/bin/gmake  -f CMakeFiles/cmTC_df628.dir/build.make CMakeFiles/cmTC_df628.dir/build
gmake[1]: Entering directory '/home/giovany/Development/GioEngine/build/CMakeFiles/CMakeTmp'
Building C object CMakeFiles/cmTC_df628.dir/HAVE_PTHREAD_NP_H.c.o
/usr/bin/cc   -idirafter "/home/giovany/Development/GioEngine/libs/SDL/src/video/khronos"  -D_REENTRANT -pthread -o CMakeFiles/cmTC_df628.dir/HAVE_PTHREAD_NP_H.c.o -c /home/giovany/Development/GioEngine/build/CMakeFiles/CheckIncludeFiles/HAVE_PTHREAD_NP_H.c
/home/giovany/Development/GioEngine/build/CMakeFiles/CheckIncludeFiles/HAVE_PTHREAD_NP_H.c:2:10: fatal error: pthread_np.h: No such file or directory
    2 | #include <pthread_np.h>
      |          ^~~~~~~~~~~~~~
compilation terminated.
gmake[1]: *** [CMakeFiles/cmTC_df628.dir/build.make:78: CMakeFiles/cmTC_df628.dir/HAVE_PTHREAD_NP_H.c.o] Error 1
gmake[1]: Leaving directory '/home/giovany/Development/GioEngine/build/CMakeFiles/CMakeTmp'
gmake: *** [Makefile:127: cmTC_df628/fast] Error 2


Source:
/* */
#include <pthread_np.h>


int main(void){return 0;}

Determining if the include file samplerate.h exists failed with the following output:
Change Dir: /home/giovany/Development/GioEngine/build/CMakeFiles/CMakeTmp

Run Build Command(s):/usr/bin/gmake -f Makefile cmTC_92849/fast && /usr/bin/gmake  -f CMakeFiles/cmTC_92849.dir/build.make CMakeFiles/cmTC_92849.dir/build
gmake[1]: Entering directory '/home/giovany/Development/GioEngine/build/CMakeFiles/CMakeTmp'
Building C object CMakeFiles/cmTC_92849.dir/CheckIncludeFile.c.o
/usr/bin/cc   -idirafter "/home/giovany/Development/GioEngine/libs/SDL/src/video/khronos" -DHAVE_LINUX_VERSION_H  -o CMakeFiles/cmTC_92849.dir/CheckIncludeFile.c.o -c /home/giovany/Development/GioEngine/build/CMakeFiles/CMakeTmp/CheckIncludeFile.c
/home/giovany/Development/GioEngine/build/CMakeFiles/CMakeTmp/CheckIncludeFile.c:1:10: fatal error: samplerate.h: No such file or directory
    1 | #include <samplerate.h>
      |          ^~~~~~~~~~~~~~
compilation terminated.
gmake[1]: *** [CMakeFiles/cmTC_92849.dir/build.make:78: CMakeFiles/cmTC_92849.dir/CheckIncludeFile.c.o] Error 1
gmake[1]: Leaving directory '/home/giovany/Development/GioEngine/build/CMakeFiles/CMakeTmp'
gmake: *** [Makefile:127: cmTC_92849/fast] Error 2



